cuda_index:[0]
feature_file_path:None
label_file_path:None
log:log
test_size:0.5
optimizer:adam
loss_func:binary_crossentropy
metrics:['binary_crossentropy', 'auc', 'mse', 'accuracy']
learningrate:0.0001
shuffle:True
use_dnn:True
use_cin:True
linear_layer_size:(256, 1)
dnn_hidden_units:(256, 256)
cin_layer_size:(256, 128)
cin_split_half:True
cin_activation:relu
l2_reg_linear:1e-05
l2_reg_embedding:1e-05
l2_reg_dnn:0
l2_reg_cin:0
dnn_dropout:0
dnn_activation:relu
init_std:0.0001
seed:1024
dnn_use_bn:False
task:binary
init_method:xavier
